<?xml version="1.0" encoding="UTF-8"?>
<!-- Generated by org.testng.reporters.JUnitXMLReporter -->
<testsuite ignored="0" hostname="DESKTOP-9STP60L" failures="0" tests="7" name="Default test" time="40.1" errors="0" timestamp="2023-07-05T13:04:41 IST">
  <testcase classname="test.ValidatingPersonalInfo" name="validateUserName" time="1.341"/>
  <testcase classname="test.ValidatingPersonalInfo" name="validateCountryName" time="0.265"/>
  <testcase classname="test.ValidatingPersonalInfo" name="validateDisplayName" time="0.157"/>
  <testcase classname="test.ValidatingPersonalInfo" name="validateEmailId" time="0.151"/>
  <testcase classname="test.ValidatingPersonalInfo" name="validateFullName" time="0.15"/>
  <testcase classname="test.ValidatingPersonalInfo" name="validateGender" time="0.177"/>
  <testcase classname="test.ValidatingPersonalInfo" name="validateStateName" time="0.181"/>
</testsuite> <!-- Default test -->
